[DEBUG][2018-10-14 03:21:26,665][com.sirding.service.impl.SecServiceImpl]从【C:/soft/test/app\db.ini】文件中加载配置信息
[DEBUG][2018-10-14 03:21:48,839][com.sirding.service.impl.SecServiceImpl]从【C:/soft/test/app\db.ini】文件中加载配置信息
[DEBUG][2018-10-14 03:22:01,500][com.sirding.service.impl.SecServiceImpl]从【C:/soft/test/app\db.ini】文件中加载配置信息
[DEBUG][2018-10-14 03:22:42,256][com.sirding.service.impl.SecServiceImpl]从【C:/soft/test/app\db.ini】文件中加载配置信息
[DEBUG][2018-10-14 03:22:49,023][com.sirding.service.impl.SecServiceImpl]从【C:/soft/test/app\db.ini】文件中加载配置信息
[DEBUG][2018-10-14 11:36:23,014][com.sirding.service.impl.SecServiceImpl]从【C:/soft/test/app\db.ini】文件中加载配置信息
[DEBUG][2018-10-14 11:37:54,284][com.sirding.service.impl.SecServiceImpl]从【C:/soft/test/app\db.ini】文件中加载配置信息
[DEBUG][2018-10-14 11:38:12,118][com.sirding.service.impl.SecServiceImpl]从【C:/soft/test/app\db.ini】文件中加载配置信息
[DEBUG][2018-10-14 11:39:46,364][com.sirding.service.impl.SecServiceImpl]从【C:/soft/test/app\db.ini】文件中加载配置信息
[DEBUG][2018-10-14 11:40:05,286][com.sirding.service.impl.SecServiceImpl]从【C:/soft/test/app\db.ini】文件中加载配置信息
[DEBUG][2018-10-14 11:40:36,602][com.sirding.service.impl.SecServiceImpl]从【C:/soft/test/app\db.ini】文件中加载配置信息
[DEBUG][2018-10-14 11:42:43,137][com.sirding.service.impl.SecServiceImpl]从【C:/soft/test/app\db.ini】文件中加载配置信息
[DEBUG][2018-10-14 11:44:22,537][com.sirding.service.impl.SecServiceImpl]从【C:/soft/test/app\db.ini】文件中加载配置信息
[DEBUG][2018-10-14 11:45:00,619][com.sirding.service.impl.SecServiceImpl]从【C:/soft/test/app\db.ini】文件中加载配置信息
[DEBUG][2018-10-14 11:45:26,723][com.sirding.service.impl.SecServiceImpl]从【C:/soft/test/app\db.ini】文件中加载配置信息
[DEBUG][2018-10-14 11:45:40,103][com.sirding.service.impl.SecServiceImpl]从【C:/soft/test/app\db.ini】文件中加载配置信息
[DEBUG][2018-10-14 11:50:40,791][com.sirding.service.impl.SecServiceImpl]从【C:/soft/test/app\db.ini】文件中加载配置信息
[DEBUG][2018-10-14 11:51:05,309][com.sirding.service.impl.SecServiceImpl]从【C:/soft/test/app\db.ini】文件中加载配置信息
[DEBUG][2018-10-14 11:51:33,107][com.sirding.service.impl.SecServiceImpl]从【C:/soft/test/app\db.ini】文件中加载配置信息
[DEBUG][2018-10-14 12:01:12,572][com.sirding.service.impl.SecServiceImpl]从【C:/soft/test/app\db.ini】文件中加载配置信息
[DEBUG][2018-10-14 12:02:15,416][com.sirding.service.impl.SecServiceImpl]从【C:/soft/test/app\db.ini】文件中加载配置信息
[DEBUG][2018-10-14 12:06:10,110][com.sirding.service.impl.SecServiceImpl]从【C:/soft/test/app\db.ini】文件中加载配置信息
[DEBUG][2018-10-14 12:09:30,513][com.sirding.service.impl.SecServiceImpl]从【C:/soft/test/app\db.ini】文件中加载配置信息
[DEBUG][2018-10-14 12:12:17,937][com.sirding.service.impl.SecServiceImpl]从【C:/soft/test/app\db.ini】文件中加载配置信息
[DEBUG][2018-10-14 12:15:07,795][com.sirding.service.impl.SecServiceImpl]从【C:/soft/test/app\db.ini】文件中加载配置信息
[DEBUG][2018-10-14 12:15:22,640][com.sirding.service.impl.SecServiceImpl]从【C:/soft/test/app\db.ini】文件中加载配置信息
[DEBUG][2018-10-14 12:15:40,659][com.sirding.service.impl.SecServiceImpl]从【C:/soft/test/app\db.ini】文件中加载配置信息
[DEBUG][2018-10-14 12:16:35,808][com.sirding.service.impl.SecServiceImpl]从【C:/soft/test/app\db.ini】文件中加载配置信息
[DEBUG][2018-10-14 12:17:04,115][com.sirding.service.impl.SecServiceImpl]从【C:/soft/test/app\db.ini】文件中加载配置信息
[DEBUG][2018-10-14 12:17:36,491][com.sirding.service.impl.SecServiceImpl]从【C:/soft/test/app\db.ini】文件中加载配置信息
[DEBUG][2018-10-14 12:17:38,774][com.sirding.service.impl.SecServiceImpl]从【C:/soft/test/app\db.ini】文件中加载配置信息
[DEBUG][2018-10-14 12:18:23,826][com.sirding.service.impl.SecServiceImpl]从【C:/soft/test/app\db.ini】文件中加载配置信息
[DEBUG][2018-10-14 12:18:26,348][com.sirding.service.impl.SecServiceImpl]从【C:/soft/test/app\db.ini】文件中加载配置信息
[DEBUG][2018-10-14 12:20:39,396][com.sirding.service.impl.SecServiceImpl]从【C:/soft/test/app\db.ini】文件中加载配置信息
[DEBUG][2018-10-14 12:21:33,873][com.sirding.service.impl.SecServiceImpl]从【C:/soft/test/app\db.ini】文件中加载配置信息
[DEBUG][2018-10-14 12:25:01,870][com.sirding.service.impl.SecServiceImpl]从【C:/soft/test/app\db.ini】文件中加载配置信息
[DEBUG][2018-10-14 12:30:19,930][com.sirding.service.impl.SecServiceImpl]从【C:/soft/test/app\db.ini】文件中加载配置信息
[DEBUG][2018-10-14 12:33:57,856][com.sirding.service.impl.SecServiceImpl]从【C:/soft/test/app\db.ini】文件中加载配置信息
[DEBUG][2018-10-14 12:34:05,136][com.sirding.service.impl.SecServiceImpl]从【C:/soft/test/app\db.ini】文件中加载配置信息
[DEBUG][2018-10-15 09:10:24,522][com.sirding.service.impl.SecServiceImpl]从【C:/soft/test/app\db.ini】文件中加载配置信息
[DEBUG][2018-10-15 09:11:50,015][com.sirding.service.impl.SecServiceImpl]从【D:/test/app\db.ini】文件中加载配置信息
[DEBUG][2018-10-15 09:21:09,603][com.sirding.service.impl.SecServiceImpl]从【D:/test/app\db.ini】文件中加载配置信息
[DEBUG][2018-10-15 09:24:38,258][com.sirding.service.impl.SecServiceImpl]从【D:/test/app\db.ini】文件中加载配置信息
[DEBUG][2018-10-15 09:25:22,773][com.sirding.service.impl.SecServiceImpl]从【D:/test/app\db.ini】文件中加载配置信息
[DEBUG][2018-10-15 09:27:51,898][com.sirding.service.impl.SecServiceImpl]从【D:/test/app\db.ini】文件中加载配置信息
[DEBUG][2018-10-15 09:30:46,594][com.sirding.service.impl.SecServiceImpl]从【D:/test/app\db.ini】文件中加载配置信息
[DEBUG][2018-10-15 09:32:04,676][com.sirding.service.impl.SecServiceImpl]从【D:/test/app\db.ini】文件中加载配置信息
[DEBUG][2018-10-15 09:32:27,471][com.sirding.service.impl.SecServiceImpl]从【D:/test/app\db.ini】文件中加载配置信息
[DEBUG][2018-10-15 09:32:34,401][com.sirding.service.impl.SecServiceImpl]从【D:/test/app\db.ini】文件中加载配置信息
[DEBUG][2018-10-15 09:37:57,747][com.sirding.service.impl.SecServiceImpl]从【D:/test/app\db.ini】文件中加载配置信息
[DEBUG][2018-10-15 09:46:41,892][com.sirding.service.impl.SecServiceImpl]从【D:/test/app\db.ini】文件中加载配置信息
[DEBUG][2018-10-15 09:47:19,828][com.sirding.service.impl.SecServiceImpl]从【D:/test/app\db.ini】文件中加载配置信息
[DEBUG][2018-10-15 09:50:29,856][com.sirding.service.impl.SecServiceImpl]从【D:/test/app\db.ini】文件中加载配置信息
[DEBUG][2018-10-15 09:52:15,496][com.sirding.service.impl.SecServiceImpl]从【D:/test/app\db.ini】文件中加载配置信息
[DEBUG][2018-10-15 09:53:08,058][com.sirding.service.impl.SecServiceImpl]从【D:/test/app\db.ini】文件中加载配置信息
[DEBUG][2018-10-15 09:53:59,145][com.sirding.service.impl.SecServiceImpl]从【D:/test/app\db.ini】文件中加载配置信息
[DEBUG][2018-10-15 09:59:00,963][com.sirding.service.impl.SecServiceImpl]从【D:/test/app\db.ini】文件中加载配置信息
[DEBUG][2018-10-15 10:10:00,647][com.sirding.service.impl.SecServiceImpl]从【D:/test/app\db.ini】文件中加载配置信息
[DEBUG][2018-10-15 10:15:20,508][com.sirding.service.impl.SecServiceImpl]从【D:/test/app\db.ini】文件中加载配置信息
[DEBUG][2018-10-15 10:15:23,347][com.sirding.service.impl.SecServiceImpl]从【D:/test/app\db.ini】文件中加载配置信息
[DEBUG][2018-10-15 10:19:12,530][com.sirding.service.impl.SecServiceImpl]从【D:/test/app\db.ini】文件中加载配置信息
[DEBUG][2018-10-15 10:19:46,681][com.sirding.service.impl.SecServiceImpl]从【D:/test/app\db.ini】文件中加载配置信息
[DEBUG][2018-10-15 10:20:44,064][com.sirding.service.impl.SecServiceImpl]从【D:/test/app\db.ini】文件中加载配置信息
[DEBUG][2018-10-15 10:30:48,446][com.sirding.service.impl.SecServiceImpl]从【D:/test/app\db.ini】文件中加载配置信息
[DEBUG][2018-10-15 10:30:49,073][com.sirding.service.impl.SecServiceImpl]从【D:/test/app\db.ini】文件中加载配置信息
[DEBUG][2018-10-15 10:30:49,288][com.sirding.service.impl.SecServiceImpl]从【D:/test/app\db.ini】文件中加载配置信息
[DEBUG][2018-10-15 10:31:58,504][com.sirding.service.impl.SecServiceImpl]从【D:/test/app\db.ini】文件中加载配置信息
[DEBUG][2018-10-15 10:32:18,072][com.sirding.service.impl.SecServiceImpl]从【D:/test/app\db.ini】文件中加载配置信息
[DEBUG][2018-10-15 10:32:32,756][com.sirding.service.impl.SecServiceImpl]从【D:/test/app\db.ini】文件中加载配置信息
[DEBUG][2018-10-15 10:42:20,624][com.sirding.service.impl.SecServiceImpl]从【D:/test/app\db.ini】文件中加载配置信息
[DEBUG][2018-10-15 10:43:18,417][com.sirding.service.impl.SecServiceImpl]从【D:/test/app\db.ini】文件中加载配置信息
[DEBUG][2018-10-15 10:44:54,800][com.sirding.service.impl.SecServiceImpl]从【D:/test/app\db.ini】文件中加载配置信息
[DEBUG][2018-10-15 10:45:13,848][com.sirding.service.impl.SecServiceImpl]从【D:/test/app\db.ini】文件中加载配置信息
[DEBUG][2018-10-15 10:53:45,076][com.sirding.service.impl.SecServiceImpl]从【D:/test/app\db.ini】文件中加载配置信息
[DEBUG][2018-10-15 10:56:43,704][com.sirding.service.impl.SecServiceImpl]从【D:/test/app\db.ini】文件中加载配置信息
[DEBUG][2018-10-15 10:56:54,048][com.sirding.service.impl.SecServiceImpl]从【D:/test/app\db.ini】文件中加载配置信息
[DEBUG][2018-10-15 10:58:18,176][com.sirding.service.impl.SecServiceImpl]从【D:/test/app\db.ini】文件中加载配置信息
[DEBUG][2018-10-15 10:58:23,214][com.sirding.service.impl.SecServiceImpl]从【D:/test/app\db.ini】文件中加载配置信息
[DEBUG][2018-10-15 10:59:22,213][com.sirding.service.impl.SecServiceImpl]从【D:/test/app\db.ini】文件中加载配置信息
[DEBUG][2018-10-15 10:59:49,042][com.sirding.service.impl.SecServiceImpl]从【D:/test/app\db.ini】文件中加载配置信息
[DEBUG][2018-10-15 10:59:54,198][com.sirding.service.impl.SecServiceImpl]从【D:/test/app\db.ini】文件中加载配置信息
[DEBUG][2018-10-15 11:03:18,058][com.sirding.service.impl.SecServiceImpl]从【D:/test/app\db.ini】文件中加载配置信息
[DEBUG][2018-10-15 11:04:16,214][com.sirding.service.impl.SecServiceImpl]从【D:/test/app\db.ini】文件中加载配置信息
[DEBUG][2018-10-15 11:08:00,078][com.sirding.service.impl.SecServiceImpl]从【D:/test/app\db.ini】文件中加载配置信息
[DEBUG][2018-10-15 11:08:16,113][com.sirding.service.impl.SecServiceImpl]从【D:/test/app\db.ini】文件中加载配置信息
[DEBUG][2018-10-15 11:08:58,434][com.sirding.service.impl.SecServiceImpl]从【D:/test/app\db.ini】文件中加载配置信息
[DEBUG][2018-10-15 11:09:00,672][com.sirding.service.impl.SecServiceImpl]从【D:/test/app\db.ini】文件中加载配置信息
[DEBUG][2018-10-15 11:11:49,573][com.sirding.service.impl.SecServiceImpl]从【D:/test/app\db.ini】文件中加载配置信息
[DEBUG][2018-10-15 11:11:51,152][com.sirding.service.impl.SecServiceImpl]从【D:/test/app\db.ini】文件中加载配置信息
[DEBUG][2018-10-15 11:12:05,363][com.sirding.service.impl.SecServiceImpl]从【D:/test/app\db.ini】文件中加载配置信息
[DEBUG][2018-10-15 11:16:01,404][com.sirding.service.impl.SecServiceImpl]从【D:/test/app\db.ini】文件中加载配置信息
[DEBUG][2018-10-15 11:16:36,612][com.sirding.service.impl.SecServiceImpl]从【D:/test/app\db.ini】文件中加载配置信息
[DEBUG][2018-10-15 11:19:08,683][com.sirding.service.impl.SecServiceImpl]从【D:/test/app\db.ini】文件中加载配置信息
[DEBUG][2018-10-15 11:21:14,696][com.sirding.service.impl.SecServiceImpl]从【D:/test/app\db.ini】文件中加载配置信息
[DEBUG][2018-10-15 11:21:20,602][com.sirding.service.impl.SecServiceImpl]从【D:/test/app\db.ini】文件中加载配置信息
[DEBUG][2018-10-15 11:21:33,070][com.sirding.service.impl.SecServiceImpl]从【D:/test/app\db.ini】文件中加载配置信息
[DEBUG][2018-10-15 11:22:53,455][com.sirding.service.impl.SecServiceImpl]从【D:/test/app\db.ini】文件中加载配置信息
[DEBUG][2018-10-15 11:23:07,930][com.sirding.service.impl.SecServiceImpl]从【D:/test/app\db.ini】文件中加载配置信息
[DEBUG][2018-10-15 11:23:55,198][com.sirding.service.impl.SecServiceImpl]从【D:/test/app\db.ini】文件中加载配置信息
[DEBUG][2018-10-15 11:42:06,695][com.sirding.service.impl.SecServiceImpl]从【D:/test/app\db.ini】文件中加载配置信息
[DEBUG][2018-10-15 11:48:14,234][com.sirding.service.impl.SecServiceImpl]从【D:/test/app\db.ini】文件中加载配置信息
[DEBUG][2018-10-15 11:50:09,543][com.sirding.service.impl.SecServiceImpl]从【D:/test/app\db.ini】文件中加载配置信息
[DEBUG][2018-10-15 11:53:17,673][com.sirding.service.impl.SecServiceImpl]从【D:/test/app\db.ini】文件中加载配置信息
[DEBUG][2018-10-15 13:33:52,723][com.sirding.service.impl.SecServiceImpl]从【D:/test/app\db.ini】文件中加载配置信息
[DEBUG][2018-10-15 13:33:55,716][com.sirding.service.impl.SecServiceImpl]从【D:/test/app\db.ini】文件中加载配置信息
[DEBUG][2018-10-15 13:34:26,889][com.sirding.service.impl.SecServiceImpl]从【D:/test/app\db.ini】文件中加载配置信息
[DEBUG][2018-10-15 13:38:51,567][com.sirding.service.impl.SecServiceImpl]从【D:/test/app\db.ini】文件中加载配置信息
[DEBUG][2018-10-15 13:39:05,478][com.sirding.service.impl.SecServiceImpl]从【D:/test/app\db.ini】文件中加载配置信息
[DEBUG][2018-10-15 14:06:04,721][com.sirding.service.impl.SecServiceImpl]从【C:/soft/test/app\db.ini】文件中加载配置信息
[DEBUG][2018-10-15 14:06:12,091][com.sirding.service.impl.SecServiceImpl]配置信息将保存到【C:/soft/test/app\db.ini】文件中
[DEBUG][2018-10-15 14:06:12,103][com.sirding.service.impl.SecServiceImpl]配置信息已成功保存到文件中......
[DEBUG][2018-10-15 14:06:41,823][com.sirding.service.impl.SecServiceImpl]配置信息将保存到【C:/soft/test/app\db.ini】文件中
[DEBUG][2018-10-15 14:06:41,825][com.sirding.service.impl.SecServiceImpl]配置信息已成功保存到文件中......
[DEBUG][2018-10-15 14:13:52,758][com.sirding.service.impl.SecServiceImpl]配置信息将保存到【C:/soft/test/app\db.ini】文件中
[DEBUG][2018-10-15 14:13:52,760][com.sirding.service.impl.SecServiceImpl]配置信息已成功保存到文件中......
[DEBUG][2018-10-15 14:15:14,682][com.sirding.service.impl.SecServiceImpl]从【C:/soft/test/app\db.ini】文件中加载配置信息
[DEBUG][2018-10-15 14:16:51,562][com.sirding.service.impl.SecServiceImpl]配置信息将保存到【C:/soft/test/app\db.ini】文件中
[DEBUG][2018-10-15 14:16:51,563][com.sirding.service.impl.SecServiceImpl]配置信息已成功保存到文件中......
[DEBUG][2018-10-15 14:19:16,642][com.sirding.service.impl.SecServiceImpl]从【C:/soft/test/app\db.ini】文件中加载配置信息
[DEBUG][2018-10-15 14:19:19,729][com.sirding.service.impl.SecServiceImpl]从【C:/soft/test/app\db.ini】文件中加载配置信息
[DEBUG][2018-10-15 14:24:32,887][com.sirding.service.impl.SecServiceImpl]从【D:/test/app\db.ini】文件中加载配置信息
[DEBUG][2018-10-15 14:25:39,973][com.sirding.service.impl.SecServiceImpl]配置信息将保存到【D:/test/app\db.ini】文件中
[DEBUG][2018-10-15 14:25:39,979][com.sirding.service.impl.SecServiceImpl]配置信息已成功保存到文件中......
[DEBUG][2018-10-15 14:26:12,451][com.sirding.service.impl.SecServiceImpl]从【D:/test/app\db.ini】文件中加载配置信息
[DEBUG][2018-10-15 14:26:35,169][com.sirding.service.impl.SecServiceImpl]配置信息将保存到【D:/test/app\db.ini】文件中
[DEBUG][2018-10-15 14:26:35,173][com.sirding.service.impl.SecServiceImpl]配置信息已成功保存到文件中......
[DEBUG][2018-10-15 14:28:00,194][com.sirding.service.impl.SecServiceImpl]从【D:/test/app\db.ini】文件中加载配置信息
[DEBUG][2018-10-15 14:29:14,738][com.sirding.service.impl.SecServiceImpl]从【D:/test/app\db.ini】文件中加载配置信息
[DEBUG][2018-10-15 14:30:19,804][com.sirding.service.impl.SecServiceImpl]从【D:/test/app\db.ini】文件中加载配置信息
[DEBUG][2018-10-15 14:30:27,954][com.sirding.service.impl.SecServiceImpl]从【D:/test/app\db.ini】文件中加载配置信息
[DEBUG][2018-10-15 14:30:42,105][com.sirding.service.impl.SecServiceImpl]从【D:/test/app\db.ini】文件中加载配置信息
[DEBUG][2018-10-15 14:30:46,530][com.sirding.service.impl.SecServiceImpl]从【D:/test/app\db.ini】文件中加载配置信息
[DEBUG][2018-10-15 14:30:48,960][com.sirding.service.impl.SecServiceImpl]从【D:/test/app\db.ini】文件中加载配置信息
[DEBUG][2018-10-15 14:31:49,978][com.sirding.service.impl.SecServiceImpl]从【D:/test/app\db.ini】文件中加载配置信息
[DEBUG][2018-10-15 14:32:09,686][com.sirding.service.impl.SecServiceImpl]从【D:/test/app\db.ini】文件中加载配置信息
[DEBUG][2018-10-15 14:32:13,449][com.sirding.service.impl.SecServiceImpl]从【D:/test/app\db.ini】文件中加载配置信息
[DEBUG][2018-10-15 14:32:21,761][com.sirding.service.impl.SecServiceImpl]从【D:/test/app\db.ini】文件中加载配置信息
[DEBUG][2018-10-15 16:23:11,209][com.sirding.service.impl.SecServiceImpl]从【D:/test/app\db.ini】文件中加载配置信息
[DEBUG][2018-10-15 16:24:50,350][com.sirding.service.impl.SecServiceImpl]从【D:/test/app\db.ini】文件中加载配置信息
[DEBUG][2018-10-15 16:25:04,943][com.sirding.service.impl.SecServiceImpl]从【D:/test/app\db.ini】文件中加载配置信息
[DEBUG][2018-10-15 16:26:03,543][com.sirding.service.impl.SecServiceImpl]从【D:/test/app\db.ini】文件中加载配置信息
[DEBUG][2018-10-15 16:26:11,812][com.sirding.service.impl.SecServiceImpl]从【D:/test/app\db.ini】文件中加载配置信息
[DEBUG][2018-10-15 16:26:12,024][com.sirding.service.impl.SecServiceImpl]配置信息将保存到【D:/test/app\db.ini】文件中
[DEBUG][2018-10-15 16:26:12,031][com.sirding.service.impl.SecServiceImpl]配置信息已成功保存到文件中......
[DEBUG][2018-10-15 16:27:26,813][com.sirding.service.impl.SecServiceImpl]从【D:/test/app\db.ini】文件中加载配置信息
[DEBUG][2018-10-15 16:27:33,851][com.sirding.service.impl.SecServiceImpl]从【D:/test/app\db.ini】文件中加载配置信息
[DEBUG][2018-10-15 16:27:47,788][com.sirding.service.impl.SecServiceImpl]从【D:/test/app\db.ini】文件中加载配置信息
[DEBUG][2018-10-15 16:28:50,091][com.sirding.service.impl.SecServiceImpl]从【D:/test/app\db.ini】文件中加载配置信息
[DEBUG][2018-10-15 16:30:51,310][com.sirding.service.impl.SecServiceImpl]从【D:/test/app\db.ini】文件中加载配置信息
[DEBUG][2018-10-15 16:30:56,775][com.sirding.service.impl.SecServiceImpl]从【D:/test/app\db.ini】文件中加载配置信息
[DEBUG][2018-10-15 16:56:19,259][com.sirding.service.impl.SecServiceImpl]从【D:/test/app\db.ini】文件中加载配置信息
[DEBUG][2018-10-15 16:57:28,937][com.sirding.service.impl.SecServiceImpl]从【D:/test/app\db.ini】文件中加载配置信息
[DEBUG][2018-10-15 17:00:19,956][com.sirding.service.impl.SecServiceImpl]从【D:/test/app\db.ini】文件中加载配置信息
[DEBUG][2018-10-15 17:08:42,888][com.sirding.service.impl.SecServiceImpl]从【D:/test/app\db.ini】文件中加载配置信息
[DEBUG][2018-10-15 17:12:27,557][com.sirding.service.impl.SecServiceImpl]从【D:/test/app\db.ini】文件中加载配置信息
[DEBUG][2018-10-15 17:33:50,680][com.sirding.service.impl.SecServiceImpl]从【D:/test/app\db.ini】文件中加载配置信息
[DEBUG][2018-10-15 17:35:15,373][com.sirding.service.impl.SecServiceImpl]从【D:/test/app\db.ini】文件中加载配置信息
[DEBUG][2018-10-15 17:39:48,333][com.sirding.service.impl.SecServiceImpl]从【D:/test/app\db.ini】文件中加载配置信息
[DEBUG][2018-10-15 17:46:40,040][com.sirding.service.impl.SecServiceImpl]从【D:/test/app\db.ini】文件中加载配置信息
[DEBUG][2018-10-15 17:47:20,412][com.sirding.service.impl.SecServiceImpl]从【D:/test/app\db.ini】文件中加载配置信息
[DEBUG][2018-10-15 17:47:25,602][com.sirding.service.impl.SecServiceImpl]从【D:/test/app\db.ini】文件中加载配置信息
[DEBUG][2018-10-15 17:50:39,156][com.sirding.service.impl.SecServiceImpl]从【D:/test/app\db.ini】文件中加载配置信息
[DEBUG][2018-10-15 17:50:41,568][com.sirding.service.impl.SecServiceImpl]从【D:/test/app\db.ini】文件中加载配置信息
[DEBUG][2018-10-15 17:50:42,206][com.sirding.service.impl.SecServiceImpl]从【D:/test/app\db.ini】文件中加载配置信息
[DEBUG][2018-10-15 17:50:45,623][com.sirding.service.impl.SecServiceImpl]从【D:/test/app\db.ini】文件中加载配置信息
[DEBUG][2018-10-15 17:57:56,717][com.sirding.service.impl.SecServiceImpl]从【D:/test/app\db.ini】文件中加载配置信息
[DEBUG][2018-10-15 17:58:01,248][com.sirding.service.impl.SecServiceImpl]从【D:/test/app\db.ini】文件中加载配置信息
[DEBUG][2018-10-15 17:58:03,414][com.sirding.service.impl.SecServiceImpl]从【D:/test/app\db.ini】文件中加载配置信息
